Demo2/proguard-project.txt
# To enable ProGuard in your project, edit project.properties
# to define the proguard.config property as described in that file.
#
# Add project specific ProGuard rules here.
# By default, the flags in this file are appended to flags specified
# in ${sdk.dir}/tools/proguard/proguard-android.txt
# You can edit the include path and order by changing the ProGuard
# include property in project.properties.
#
# For more details, see
#   http://developer.android.com/guide/developing/tools/proguard.html

# Add any project specific keep options here:

# If your project uses WebView with JS, uncomment the following
# and specify the fully qualified class name to the JavaScript interface
# class:
#-keepclassmembers class fqcn.of.javascript.interface.for.webview {
#   public *;
#}

-optimizationpasses 5
-dontusemixedcaseclassnames
-dontskipnonpubliclibraryclasses
-dontpreverify
-verbose
-ignorewarnings
-keepattributes Signature
-keepattributes *Annotation*
-keep class **.R$* { *; }
-optimizations !code/simplification/arithmetic,!field/*,!class/merging/*

-keep class android.** {*; }
-keep public class * extends android.view  
-keep public class * extends android.app.Activity                             
-keep public class * extends android.app.Application                            
-keep public class * extends android.app.Service 
-keep public class * extends android.content.Intent 
-keep public class * extends android.media.MediaPlayer  
-keep public class * extends android.os.IBinder
-keep public class * extends android.content.pm                                
-keep public class * extends android.content.BroadcastReceiver                
-keep public class * extends android.content.ContentProvider                  
-keep public class * extends android.app.backup.BackupAgentHelper              
-keep public class * extends android.preference.Preference                   
-keep public class  com.android.vending.licensing.ILicensingService
  
-dontwarn com.igexin.**
-keep class com.igexin.**{*;}
-keep public class * extends com.igexin.sdk.**{*;}  
-keep public class * extends com.igexin.sdk.PushConsts
-keep public class * extends  com.igexin.sdk.PushManager     


#ACRA specifics
# we need line numbers in our stack traces otherwise they are pretty useless
-renamesourcefileattribute SourceFile
-keepattributes SourceFile,LineNumberTable

# ACRA needs "annotations" so add this... 
-keepattributes *Annotation*
-keep class android.** {*;}

-keepclasseswithmembernames class * { 
native <methods>;
}

-keepclasseswithmembers class * {
    public <init>(android.content.Context, android.util.AttributeSet);
}

-keepclasseswithmembers class * {
    public <init>(android.content.Context, android.util.AttributeSet, int);
}

-keepclassmembers class * extends android.app.Activity {
    public void *(android.view.View);
}

-keepclassmembers enum * {
    public static **[] values();
    public static ** valueOf(java.lang.String);
}

-keep class * implements android.os.Parcelable {
  public static final android.os.Parcelable$Creator *;
}

-keepclassmembers class * implements java.io.Serializable {
    static final long serialVersionUID;
    private static final java.io.ObjectStreamField[] serialPersistentFields;
    private void writeObject(java.io.ObjectOutputStream);
    private void readObject(java.io.ObjectInputStream);
    java.lang.Object writeReplace();
    java.lang.Object readResolve();
}

-keepclassmembers class ** {
        public static <fields>;
        private static <fields>;
        protected static <fields>;
}

  -keep class org.jsoup.**
  
  -libraryjars libs/pinyin4j-2.5.0.jar
  -libraryjars libs/android-support-design.jar
   -libraryjars libs/umeng_social_sdk.jar
    -libraryjars libs/httpmime-4.1.3.jar
     -libraryjars libs/android-support-v7-cardview.jar
      -libraryjars libs/GetuiSdk2.5.0.0.jar
       -libraryjars libs/nineoldandroids-2.4.0.jar
        -libraryjars libs/universal-image-loader-1.9.1.jar
         -libraryjars libs/support-v4-23.1.1-sources.jar
          -libraryjars libs/android-support-v7-recyclerview.jar
            -libraryjars libs/SocialSDK_Sina.jar
             -libraryjars libs/SocialSDK_QQZone_1.jar
              -libraryjars libs/SocialSDK_QQZone_2.jar
               -libraryjars libs/SocialSDK_QQZone_3.jar
               -libraryjars libs/SocialSDK_WeiXin_1.jar
                -libraryjars libs/SocialSDK_WeiXin_2.jar
               -libraryjars libs/locSDK_4.2.jar
        		-libraryjars libs/FlycoAnimation_Lib-v1.0.0.jar
               -libraryjars libs/FlycoDialog_Lib-v1.0.0.jar
               -libraryjars libs/android-support-v4.jar
       
 #pinyin4j
 -dontwarn 
-keep class com.hp.hpl.sparta.**{*;}
-keep class com.hp.hpl.sparta.xpath.**{*;}
-keep class demo.**{*;}
-keep class net.sourceforge.pinyin4j.**{*;}
-keep class net.sourceforge.pinyin4j.format.**{*;}
-keep class net.sourceforge.pinyin4j.format.exception.**{*;}
-keep class com.google.gson.examples.android.model.** { *; }

-keep class android.support-v7.widget.**{*;}