Demo2/proguard/mapping.txt
android.support.v4.widget.SwipeRefreshLayout$4 -> android.support.v4.widget.SwipeRefreshLayout$4:
    int val$startingAlpha -> val$startingAlpha
    int val$endingAlpha -> val$endingAlpha
    android.support.v4.widget.SwipeRefreshLayout this$0 -> this$0
    458:461:void applyTransformation(float,android.view.animation.Transformation) -> applyTransformation
android.support.v4.widget.SwipeRefreshLayout$5 -> android.support.v4.widget.SwipeRefreshLayout$5:
    android.support.v4.widget.SwipeRefreshLayout this$0 -> this$0
    945:945:void onAnimationStart(android.view.animation.Animation) -> onAnimationStart
    949:952:void onAnimationEnd(android.view.animation.Animation) -> onAnimationEnd
    956:956:void onAnimationRepeat(android.view.animation.Animation) -> onAnimationRepeat
android.support.v4.widget.SwipeRefreshLayout$6 -> android.support.v4.widget.SwipeRefreshLayout$6:
    android.support.v4.widget.SwipeRefreshLayout this$0 -> this$0
    1070:1081:void applyTransformation(float,android.view.animation.Transformation) -> applyTransformation
android.support.v4.widget.SwipeRefreshLayout$7 -> android.support.v4.widget.SwipeRefreshLayout$7:
    android.support.v4.widget.SwipeRefreshLayout this$0 -> this$0
    1094:1095:void applyTransformation(float,android.view.animation.Transformation) -> applyTransformation
android.support.v4.widget.SwipeRefreshLayout$8 -> android.support.v4.widget.SwipeRefreshLayout$8:
    android.support.v4.widget.SwipeRefreshLayout this$0 -> this$0
    1109:1112:void applyTransformation(float,android.view.animation.Transformation) -> applyTransformation
android.support.v4.widget.SwipeRefreshLayout$OnRefreshListener -> android.support.v4.widget.SwipeRefreshLayout$OnRefreshListener:
    void onRefresh() -> onRefresh
android.support.v4.widget.TextViewCompat -> android.support.v4.widget.TextViewCompat:
    android.support.v4.widget.TextViewCompat$TextViewCompatImpl IMPL -> IMPL
    173:174:void setCompoundDrawablesRelative(android.widget.TextView,android.graphics.drawable.Drawable,android.graphics.drawable.Drawable,android.graphics.drawable.Drawable,android.graphics.drawable.Drawable) -> setCompoundDrawablesRelative
    193:194:void setCompoundDrawablesRelativeWithIntrinsicBounds(android.widget.TextView,android.graphics.drawable.Drawable,android.graphics.drawable.Drawable,android.graphics.drawable.Drawable,android.graphics.drawable.Drawable) -> setCompoundDrawablesRelativeWithIntrinsicBounds
    216:217:void setCompoundDrawablesRelativeWithIntrinsicBounds(android.widget.TextView,int,int,int,int) -> setCompoundDrawablesRelativeWithIntrinsicBounds
    224:224:int getMaxLines(android.widget.TextView) -> getMaxLines
    232:232:int getMinLines(android.widget.TextView) -> getMinLines
android.support.v4.widget.TextViewCompat$BaseTextViewCompatImpl -> android.support.v4.widget.TextViewCompat$BaseTextViewCompatImpl:
    52:53:void setCompoundDrawablesRelative(android.widget.TextView,android.graphics.drawable.Drawable,android.graphics.drawable.Drawable,android.graphics.drawable.Drawable,android.graphics.drawable.Drawable) -> setCompoundDrawablesRelative
    59:60:void setCompoundDrawablesRelativeWithIntrinsicBounds(android.widget.TextView,android.graphics.drawable.Drawable,android.graphics.drawable.Drawable,android.graphics.drawable.Drawable,android.graphics.drawable.Drawable) -> setCompoundDrawablesRelativeWithIntrinsicBounds
    65:66:void setCompoundDrawablesRelativeWithIntrinsicBounds(android.widget.TextView,int,int,int,int) -> setCompoundDrawablesRelativeWithIntrinsicBounds
    70:70:int getMaxLines(android.widget.TextView) -> getMaxLines
    75:75:int getMinLines(android.widget.TextView) -> getMinLines