Demo2/proguard/usage.txt
com.lidroid.xutils.db.converter.SqlDateColumnConverter
com.lidroid.xutils.db.converter.StringColumnConverter
com.lidroid.xutils.db.sqlite.ColumnDbType
com.lidroid.xutils.db.sqlite.CursorUtils
com.lidroid.xutils.db.sqlite.CursorUtils$EntityTempCache
com.lidroid.xutils.db.sqlite.CursorUtils$FindCacheSequence
com.lidroid.xutils.db.sqlite.DbModelSelector
com.lidroid.xutils.db.sqlite.FinderLazyLoader
com.lidroid.xutils.db.sqlite.ForeignLazyLoader
com.lidroid.xutils.db.sqlite.Selector
com.lidroid.xutils.db.sqlite.Selector$OrderBy
com.lidroid.xutils.db.sqlite.SqlInfo
com.lidroid.xutils.db.sqlite.SqlInfoBuilder
com.lidroid.xutils.db.sqlite.WhereBuilder
com.lidroid.xutils.db.table.Column
com.lidroid.xutils.db.table.ColumnUtils
com.lidroid.xutils.db.table.DbModel
com.lidroid.xutils.db.table.Finder
com.lidroid.xutils.db.table.Foreign
com.lidroid.xutils.db.table.Id
com.lidroid.xutils.db.table.KeyValue
com.lidroid.xutils.db.table.Table
com.lidroid.xutils.db.table.TableUtils
com.lidroid.xutils.exception.BaseException:
    34:35:public BaseException(java.lang.String,java.lang.Throwable)
com.lidroid.xutils.exception.DbException
com.lidroid.xutils.exception.HttpException:
    31:32:public HttpException(java.lang.String,java.lang.Throwable)
    41:43:public HttpException(int)
    60:62:public HttpException(int,java.lang.String,java.lang.Throwable)
    69:71:public HttpException(int,java.lang.Throwable)
    77:77:public int getExceptionCode()
com.lidroid.xutils.http.HttpCache:
    65:66:public void setCacheSize(int)
    69:70:public static void setDefaultExpiryTime(long)
    77:78:public void put(java.lang.String,java.lang.String)
    91:92:public void clear()
    95:98:public boolean isEnabled(com.lidroid.xutils.http.client.HttpRequest$HttpMethod)
    109:110:public void setEnabled(com.lidroid.xutils.http.client.HttpRequest$HttpMethod,boolean)
com.lidroid.xutils.http.HttpHandler:
    77:77:public com.lidroid.xutils.http.HttpHandler$State getState()
    87:88:public void setRequestCallBack(com.lidroid.xutils.http.callback.RequestCallBack)
    91:91:public com.lidroid.xutils.http.callback.RequestCallBack getRequestCallBack()
    274:292:public void cancel()
com.lidroid.xutils.http.HttpHandler$NotUseApacheRedirectHandler:
    349:349:public boolean isRedirectRequested(org.apache.http.HttpResponse,org.apache.http.protocol.HttpContext)
    354:354:public java.net.URI getLocationURI(org.apache.http.HttpResponse,org.apache.http.protocol.HttpContext)
com.lidroid.xutils.http.HttpHandler$State:
    321:335:public static com.lidroid.xutils.http.HttpHandler$State valueOf(int)
    340:340:public int value()